<?xml version="1.0" encoding="UTF-8"?>
<testsuite hostname="NadinGautham" failures="0" tests="4" name="Brindha.Maven_Project.TestCases.end_to_end_flowTest" time="39.819" errors="0" timestamp="24 Apr 2024 09:47:21 GMT">
  <testcase classname="Brindha.Maven_Project.TestCases.end_to_end_flowTest" name="submitorder" time="8.196"/>
  <testcase classname="Brindha.Maven_Project.TestCases.end_to_end_flowTest" name="submitorder" time="7.761"/>
  <testcase classname="Brindha.Maven_Project.TestCases.end_to_end_flowTest" name="validateproduct" time="1.759"/>
  <testcase classname="Brindha.Maven_Project.TestCases.end_to_end_flowTest" name="validateproduct" time="1.768"/>
</testsuite>
